[0m[[0m[0mdebug[0m] [0m[0m> Exec(submit jophmartel@gmail.com rJSZfNue9mkiOaE7, Some(358e187c-4319-4f96-b1bf-afe22e4c92ef), Some(CommandSource(console0)))[0m
[0m[[0m[0mdebug[0m] [0m[0mEvaluating tasks: submit[0m
[0m[[0m[0mdebug[0m] [0m[0mRunning task... Cancel: Signal, check cycles: false, forcegc: true[0m
[0m[[0m[0minfo[0m] [0m[0mcompiling 4 Scala sources to /home/knoldus/IdeaProjects/objsets/target/scala-2.13/classes ...[0m
[0m[[0m[0minfo[0m] [0m[0mRunning scalafix on 4 Scala sources[0m
[0m[[0m[0minfo[0m] [0m[0mAttempting to submit "objsets" assignment in "scala2-functional-programming" course[0m
[0m[[0m[0minfo[0m] [0m[0mUsing:[0m
[0m[[0m[0minfo[0m] [0m[0m- email: jophmartel@gmail.com[0m
[0m[[0m[0minfo[0m] [0m[0m- submit token: rJSZfNue9mkiOaE7[0m
[0m[[0m[0minfo[0m] [0m[0mConnecting to Coursera...[0m
[0m[[0m[0minfo[0m] [0m[0mSuccessfully connected to Coursera. (Status 201)[0m
[0m[[0m[0minfo[0m] [0m[0m[0m
[0m[[0m[0minfo[0m] [0m[0mAssignment submitted successfully![0m
[0m[[0m[0minfo[0m] [0m[0m[0m
[0m[[0m[0minfo[0m] [0m[0mYou can see how you scored by going to:[0m
[0m[[0m[0minfo[0m] [0m[0mhttps://www.coursera.org/learn/scala2-functional-programming/programming/JjcbK/[0m
[0m[[0m[0minfo[0m] [0m[0mor (for premium learners):[0m
[0m[[0m[0minfo[0m] [0m[0mhttps://www.coursera.org/learn/scala2-functional-programming/programming/XqRJ7[0m
[0m[[0m[0minfo[0m] [0m[0m                       [0m
[0m[[0m[0minfo[0m] [0m[0mand clicking on "My Submission".[0m
[0m[[0m[32msuccess[0m] [0m[0mTotal time: 8 s, completed 25-Oct-2022, 10:40:34 AM[0m
[0m[[0m[0mdebug[0m] [0m[0m> Exec(shell, None, None)[0m
[0m[[0m[0mdebug[0m] [0m[0mForcing garbage collection...[0m
